2019-10-29 19:06:00,606 [Worker-0: Loading available Gradle versions] INFO  o.e.b.c.i.u.g.PublishedGradleVersions - Gradle version information cache is up-to-date. Trying to read.
2019-10-29 19:09:02,719 [Worker-17: Update Maven projects configuration] INFO  o.e.m.c.i.p.ProjectConfigurationManager - Update started
2019-10-29 19:09:13,711 [Worker-17: Update Maven projects configuration] INFO  o.e.m.c.i.l.LifecycleMappingFactory - Using org.eclipse.m2e.jdt.JarLifecycleMapping lifecycle mapping for MavenProject: org.springframework:gs-spring-boot:0.1.0 @ C:\Users\Cedric\Desktop\Perspecta\Perspecta_Server\gs-spring-boot-master.zip_expanded\gs-spring-boot-master\initial\pom.xml.
2019-10-29 19:09:20,741 [Worker-17: Update Maven projects configuration] INFO  o.e.m.j.i.AbstractJavaProjectConfigurator - Adding source folder /initial/src/main/java
2019-10-29 19:09:20,741 [Worker-17: Update Maven projects configuration] INFO  o.e.m.j.i.AbstractJavaProjectConfigurator - Adding source folder /initial/src/test/java
2019-10-29 19:09:23,146 [Worker-3: Building workspace] INFO  o.e.m.c.i.l.LifecycleMappingFactory - Using org.eclipse.m2e.jdt.JarLifecycleMapping lifecycle mapping for MavenProject: org.springframework:gs-spring-boot:0.1.0 @ C:\Users\Cedric\Desktop\Perspecta\Perspecta_Server\gs-spring-boot-master.zip_expanded\gs-spring-boot-master\complete\pom.xml.
2019-10-29 19:09:28,841 [Worker-3: Building workspace] INFO  o.e.m.c.i.embedder.EclipseLogger - Using 'UTF-8' encoding to copy filtered resources.
2019-10-29 19:09:28,841 [Worker-3: Building workspace] INFO  o.e.m.c.i.embedder.EclipseLogger - skip non existing resourceDirectory C:\Users\Cedric\Desktop\Perspecta\Perspecta_Server\gs-spring-boot-master.zip_expanded\gs-spring-boot-master\complete\src\main\resources
2019-10-29 19:09:28,841 [Worker-3: Building workspace] INFO  o.e.m.c.i.embedder.EclipseLogger - skip non existing resourceDirectory C:\Users\Cedric\Desktop\Perspecta\Perspecta_Server\gs-spring-boot-master.zip_expanded\gs-spring-boot-master\complete\src\main\resources
2019-10-29 19:09:28,856 [Worker-3: Building workspace] INFO  o.e.m.c.i.embedder.EclipseLogger - Using 'UTF-8' encoding to copy filtered resources.
2019-10-29 19:09:28,856 [Worker-3: Building workspace] INFO  o.e.m.c.i.embedder.EclipseLogger - skip non existing resourceDirectory C:\Users\Cedric\Desktop\Perspecta\Perspecta_Server\gs-spring-boot-master.zip_expanded\gs-spring-boot-master\complete\src\test\resources
2019-10-29 19:09:34,894 [Worker-8: Building workspace] INFO  o.e.m.c.i.embedder.EclipseLogger - Using 'UTF-8' encoding to copy filtered resources.
2019-10-29 19:09:34,894 [Worker-8: Building workspace] INFO  o.e.m.c.i.embedder.EclipseLogger - skip non existing resourceDirectory C:\Users\Cedric\Desktop\Perspecta\Perspecta_Server\gs-spring-boot-master.zip_expanded\gs-spring-boot-master\initial\src\main\resources
2019-10-29 19:09:34,894 [Worker-8: Building workspace] INFO  o.e.m.c.i.embedder.EclipseLogger - skip non existing resourceDirectory C:\Users\Cedric\Desktop\Perspecta\Perspecta_Server\gs-spring-boot-master.zip_expanded\gs-spring-boot-master\initial\src\main\resources
2019-10-29 19:09:34,910 [Worker-8: Building workspace] INFO  o.e.m.c.i.embedder.EclipseLogger - Using 'UTF-8' encoding to copy filtered resources.
2019-10-29 19:09:34,910 [Worker-8: Building workspace] INFO  o.e.m.c.i.embedder.EclipseLogger - skip non existing resourceDirectory C:\Users\Cedric\Desktop\Perspecta\Perspecta_Server\gs-spring-boot-master.zip_expanded\gs-spring-boot-master\initial\src\test\resources
2019-10-29 19:09:35,355 [Worker-17: Update Maven projects configuration] INFO  o.e.m.c.i.p.ProjectConfigurationManager - Update completed: 32 sec
2019-10-29 19:09:35,360 [Worker-17: Update Maven projects configuration] INFO  o.e.m.c.i.p.ProjectConfigurationManager - Update started
2019-10-29 19:09:46,222 [Worker-17: Update Maven projects configuration] INFO  o.e.m.c.i.l.LifecycleMappingFactory - Using org.eclipse.m2e.jdt.JarLifecycleMapping lifecycle mapping for MavenProject: org.springframework:gs-spring-boot:0.1.0 @ C:\Users\Cedric\Desktop\Perspecta\Perspecta_Server\gs-spring-boot-master.zip_expanded\gs-spring-boot-master\complete\pom.xml.
2019-10-29 19:09:48,070 [Worker-17: Update Maven projects configuration] INFO  o.e.m.c.i.l.LifecycleMappingFactory - Using org.eclipse.m2e.jdt.JarLifecycleMapping lifecycle mapping for MavenProject: org.springframework:gs-spring-boot:0.1.0 @ C:\Users\Cedric\Desktop\Perspecta\Perspecta_Server\gs-spring-boot-master.zip_expanded\gs-spring-boot-master\initial\pom.xml.
2019-10-29 19:09:51,581 [Worker-17: Update Maven projects configuration] INFO  o.e.m.j.i.AbstractJavaProjectConfigurator - Adding source folder /complete/src/main/java
2019-10-29 19:09:51,637 [Worker-17: Update Maven projects configuration] INFO  o.e.m.j.i.AbstractJavaProjectConfigurator - Adding source folder /complete/src/test/java
2019-10-29 19:09:57,406 [Worker-8: Building workspace] INFO  o.e.m.c.i.embedder.EclipseLogger - Using 'UTF-8' encoding to copy filtered resources.
2019-10-29 19:09:57,407 [Worker-8: Building workspace] INFO  o.e.m.c.i.embedder.EclipseLogger - skip non existing resourceDirectory C:\Users\Cedric\Desktop\Perspecta\Perspecta_Server\gs-spring-boot-master.zip_expanded\gs-spring-boot-master\complete\src\main\resources
2019-10-29 19:09:57,408 [Worker-8: Building workspace] INFO  o.e.m.c.i.embedder.EclipseLogger - skip non existing resourceDirectory C:\Users\Cedric\Desktop\Perspecta\Perspecta_Server\gs-spring-boot-master.zip_expanded\gs-spring-boot-master\complete\src\main\resources
2019-10-29 19:09:57,430 [Worker-8: Building workspace] INFO  o.e.m.c.i.embedder.EclipseLogger - Using 'UTF-8' encoding to copy filtered resources.
2019-10-29 19:09:57,431 [Worker-8: Building workspace] INFO  o.e.m.c.i.embedder.EclipseLogger - skip non existing resourceDirectory C:\Users\Cedric\Desktop\Perspecta\Perspecta_Server\gs-spring-boot-master.zip_expanded\gs-spring-boot-master\complete\src\test\resources
2019-10-29 19:10:04,117 [Worker-16: Building workspace] INFO  o.e.m.c.i.embedder.EclipseLogger - Using 'UTF-8' encoding to copy filtered resources.
2019-10-29 19:10:04,117 [Worker-16: Building workspace] INFO  o.e.m.c.i.embedder.EclipseLogger - skip non existing resourceDirectory C:\Users\Cedric\Desktop\Perspecta\Perspecta_Server\gs-spring-boot-master.zip_expanded\gs-spring-boot-master\complete\src\main\resources
2019-10-29 19:10:04,117 [Worker-16: Building workspace] INFO  o.e.m.c.i.embedder.EclipseLogger - skip non existing resourceDirectory C:\Users\Cedric\Desktop\Perspecta\Perspecta_Server\gs-spring-boot-master.zip_expanded\gs-spring-boot-master\complete\src\main\resources
2019-10-29 19:10:04,132 [Worker-16: Building workspace] INFO  o.e.m.c.i.embedder.EclipseLogger - Using 'UTF-8' encoding to copy filtered resources.
2019-10-29 19:10:04,132 [Worker-16: Building workspace] INFO  o.e.m.c.i.embedder.EclipseLogger - skip non existing resourceDirectory C:\Users\Cedric\Desktop\Perspecta\Perspecta_Server\gs-spring-boot-master.zip_expanded\gs-spring-boot-master\complete\src\test\resources
2019-10-29 19:10:04,933 [Worker-17: Update Maven projects configuration] INFO  o.e.m.j.i.AbstractJavaProjectConfigurator - Adding source folder /initial/src/main/java
2019-10-29 19:10:04,949 [Worker-17: Update Maven projects configuration] INFO  o.e.m.j.i.AbstractJavaProjectConfigurator - Adding source folder /initial/src/test/java
2019-10-29 19:10:05,533 [Worker-14: Building workspace] INFO  o.e.m.c.i.embedder.EclipseLogger - Using 'UTF-8' encoding to copy filtered resources.
2019-10-29 19:10:05,533 [Worker-14: Building workspace] INFO  o.e.m.c.i.embedder.EclipseLogger - skip non existing resourceDirectory C:\Users\Cedric\Desktop\Perspecta\Perspecta_Server\gs-spring-boot-master.zip_expanded\gs-spring-boot-master\complete\src\main\resources
2019-10-29 19:10:05,533 [Worker-14: Building workspace] INFO  o.e.m.c.i.embedder.EclipseLogger - skip non existing resourceDirectory C:\Users\Cedric\Desktop\Perspecta\Perspecta_Server\gs-spring-boot-master.zip_expanded\gs-spring-boot-master\complete\src\main\resources
2019-10-29 19:10:05,539 [Worker-14: Building workspace] INFO  o.e.m.c.i.embedder.EclipseLogger - Using 'UTF-8' encoding to copy filtered resources.
2019-10-29 19:10:05,540 [Worker-14: Building workspace] INFO  o.e.m.c.i.embedder.EclipseLogger - skip non existing resourceDirectory C:\Users\Cedric\Desktop\Perspecta\Perspecta_Server\gs-spring-boot-master.zip_expanded\gs-spring-boot-master\complete\src\test\resources
2019-10-29 19:10:08,303 [Worker-14: Building workspace] INFO  o.e.m.c.i.embedder.EclipseLogger - Using 'UTF-8' encoding to copy filtered resources.
2019-10-29 19:10:08,303 [Worker-14: Building workspace] INFO  o.e.m.c.i.embedder.EclipseLogger - skip non existing resourceDirectory C:\Users\Cedric\Desktop\Perspecta\Perspecta_Server\gs-spring-boot-master.zip_expanded\gs-spring-boot-master\initial\src\main\resources
2019-10-29 19:10:08,303 [Worker-14: Building workspace] INFO  o.e.m.c.i.embedder.EclipseLogger - skip non existing resourceDirectory C:\Users\Cedric\Desktop\Perspecta\Perspecta_Server\gs-spring-boot-master.zip_expanded\gs-spring-boot-master\initial\src\main\resources
2019-10-29 19:10:08,303 [Worker-14: Building workspace] INFO  o.e.m.c.i.embedder.EclipseLogger - Using 'UTF-8' encoding to copy filtered resources.
2019-10-29 19:10:08,303 [Worker-14: Building workspace] INFO  o.e.m.c.i.embedder.EclipseLogger - skip non existing resourceDirectory C:\Users\Cedric\Desktop\Perspecta\Perspecta_Server\gs-spring-boot-master.zip_expanded\gs-spring-boot-master\initial\src\test\resources
2019-10-29 19:10:08,427 [Worker-17: Update Maven projects configuration] INFO  o.e.m.c.i.p.ProjectConfigurationManager - Update completed: 33 sec
2019-10-29 19:10:08,880 [Worker-17: Building workspace] INFO  o.e.m.c.i.embedder.EclipseLogger - Using 'UTF-8' encoding to copy filtered resources.
2019-10-29 19:10:08,880 [Worker-17: Building workspace] INFO  o.e.m.c.i.embedder.EclipseLogger - skip non existing resourceDirectory C:\Users\Cedric\Desktop\Perspecta\Perspecta_Server\gs-spring-boot-master.zip_expanded\gs-spring-boot-master\complete\src\main\resources
2019-10-29 19:10:08,880 [Worker-17: Building workspace] INFO  o.e.m.c.i.embedder.EclipseLogger - skip non existing resourceDirectory C:\Users\Cedric\Desktop\Perspecta\Perspecta_Server\gs-spring-boot-master.zip_expanded\gs-spring-boot-master\complete\src\main\resources
2019-10-29 19:10:08,880 [Worker-17: Building workspace] INFO  o.e.m.c.i.embedder.EclipseLogger - Using 'UTF-8' encoding to copy filtered resources.
2019-10-29 19:10:08,880 [Worker-17: Building workspace] INFO  o.e.m.c.i.embedder.EclipseLogger - skip non existing resourceDirectory C:\Users\Cedric\Desktop\Perspecta\Perspecta_Server\gs-spring-boot-master.zip_expanded\gs-spring-boot-master\complete\src\test\resources
2019-10-29 19:10:09,086 [Worker-17: Building workspace] INFO  o.e.m.c.i.embedder.EclipseLogger - Using 'UTF-8' encoding to copy filtered resources.
2019-10-29 19:10:09,087 [Worker-17: Building workspace] INFO  o.e.m.c.i.embedder.EclipseLogger - skip non existing resourceDirectory C:\Users\Cedric\Desktop\Perspecta\Perspecta_Server\gs-spring-boot-master.zip_expanded\gs-spring-boot-master\initial\src\main\resources
2019-10-29 19:10:09,087 [Worker-17: Building workspace] INFO  o.e.m.c.i.embedder.EclipseLogger - skip non existing resourceDirectory C:\Users\Cedric\Desktop\Perspecta\Perspecta_Server\gs-spring-boot-master.zip_expanded\gs-spring-boot-master\initial\src\main\resources
2019-10-29 19:10:09,094 [Worker-17: Building workspace] INFO  o.e.m.c.i.embedder.EclipseLogger - Using 'UTF-8' encoding to copy filtered resources.
2019-10-29 19:10:09,096 [Worker-17: Building workspace] INFO  o.e.m.c.i.embedder.EclipseLogger - skip non existing resourceDirectory C:\Users\Cedric\Desktop\Perspecta\Perspecta_Server\gs-spring-boot-master.zip_expanded\gs-spring-boot-master\initial\src\test\resources
2019-10-29 19:10:09,950 [Worker-14: Building workspace] INFO  o.e.m.c.i.embedder.EclipseLogger - Using 'UTF-8' encoding to copy filtered resources.
2019-10-29 19:10:09,966 [Worker-14: Building workspace] INFO  o.e.m.c.i.embedder.EclipseLogger - skip non existing resourceDirectory C:\Users\Cedric\Desktop\Perspecta\Perspecta_Server\gs-spring-boot-master.zip_expanded\gs-spring-boot-master\complete\src\main\resources
2019-10-29 19:10:09,966 [Worker-14: Building workspace] INFO  o.e.m.c.i.embedder.EclipseLogger - skip non existing resourceDirectory C:\Users\Cedric\Desktop\Perspecta\Perspecta_Server\gs-spring-boot-master.zip_expanded\gs-spring-boot-master\complete\src\main\resources
2019-10-29 19:10:09,966 [Worker-14: Building workspace] INFO  o.e.m.c.i.embedder.EclipseLogger - Using 'UTF-8' encoding to copy filtered resources.
2019-10-29 19:10:09,966 [Worker-14: Building workspace] INFO  o.e.m.c.i.embedder.EclipseLogger - skip non existing resourceDirectory C:\Users\Cedric\Desktop\Perspecta\Perspecta_Server\gs-spring-boot-master.zip_expanded\gs-spring-boot-master\complete\src\test\resources
2019-10-29 19:11:33,195 [Worker-16: Building workspace] INFO  o.e.m.c.i.embedder.EclipseLogger - Using 'UTF-8' encoding to copy filtered resources.
2019-10-29 19:11:33,196 [Worker-16: Building workspace] INFO  o.e.m.c.i.embedder.EclipseLogger - skip non existing resourceDirectory C:\Users\Cedric\Desktop\Perspecta\Perspecta_Server\gs-spring-boot-master.zip_expanded\gs-spring-boot-master\complete\src\main\resources
2019-10-29 19:11:33,196 [Worker-16: Building workspace] INFO  o.e.m.c.i.embedder.EclipseLogger - skip non existing resourceDirectory C:\Users\Cedric\Desktop\Perspecta\Perspecta_Server\gs-spring-boot-master.zip_expanded\gs-spring-boot-master\complete\src\main\resources
2019-10-29 19:11:33,206 [Worker-16: Building workspace] INFO  o.e.m.c.i.embedder.EclipseLogger - Using 'UTF-8' encoding to copy filtered resources.
2019-10-29 19:11:33,207 [Worker-16: Building workspace] INFO  o.e.m.c.i.embedder.EclipseLogger - skip non existing resourceDirectory C:\Users\Cedric\Desktop\Perspecta\Perspecta_Server\gs-spring-boot-master.zip_expanded\gs-spring-boot-master\complete\src\test\resources
2019-10-29 19:12:17,190 [Worker-15: Building workspace] INFO  o.e.m.c.i.embedder.EclipseLogger - Using 'UTF-8' encoding to copy filtered resources.
2019-10-29 19:12:17,191 [Worker-15: Building workspace] INFO  o.e.m.c.i.embedder.EclipseLogger - skip non existing resourceDirectory C:\Users\Cedric\Desktop\Perspecta\Perspecta_Server\gs-spring-boot-master.zip_expanded\gs-spring-boot-master\complete\src\main\resources
2019-10-29 19:12:17,192 [Worker-15: Building workspace] INFO  o.e.m.c.i.embedder.EclipseLogger - skip non existing resourceDirectory C:\Users\Cedric\Desktop\Perspecta\Perspecta_Server\gs-spring-boot-master.zip_expanded\gs-spring-boot-master\complete\src\main\resources
2019-10-29 19:12:17,196 [Worker-15: Building workspace] INFO  o.e.m.c.i.embedder.EclipseLogger - Using 'UTF-8' encoding to copy filtered resources.
2019-10-29 19:12:17,197 [Worker-15: Building workspace] INFO  o.e.m.c.i.embedder.EclipseLogger - skip non existing resourceDirectory C:\Users\Cedric\Desktop\Perspecta\Perspecta_Server\gs-spring-boot-master.zip_expanded\gs-spring-boot-master\complete\src\test\resources
2019-10-29 19:12:17,395 [Worker-15: Building workspace] INFO  o.e.m.c.i.embedder.EclipseLogger - Using 'UTF-8' encoding to copy filtered resources.
2019-10-29 19:12:17,396 [Worker-15: Building workspace] INFO  o.e.m.c.i.embedder.EclipseLogger - skip non existing resourceDirectory C:\Users\Cedric\Desktop\Perspecta\Perspecta_Server\gs-spring-boot-master.zip_expanded\gs-spring-boot-master\initial\src\main\resources
2019-10-29 19:12:17,397 [Worker-15: Building workspace] INFO  o.e.m.c.i.embedder.EclipseLogger - skip non existing resourceDirectory C:\Users\Cedric\Desktop\Perspecta\Perspecta_Server\gs-spring-boot-master.zip_expanded\gs-spring-boot-master\initial\src\main\resources
2019-10-29 19:12:17,403 [Worker-15: Building workspace] INFO  o.e.m.c.i.embedder.EclipseLogger - Using 'UTF-8' encoding to copy filtered resources.
2019-10-29 19:12:17,404 [Worker-15: Building workspace] INFO  o.e.m.c.i.embedder.EclipseLogger - skip non existing resourceDirectory C:\Users\Cedric\Desktop\Perspecta\Perspecta_Server\gs-spring-boot-master.zip_expanded\gs-spring-boot-master\initial\src\test\resources
2019-10-30 03:12:21,513 [Worker-58: Building workspace] INFO  o.e.m.c.i.embedder.EclipseLogger - Using 'UTF-8' encoding to copy filtered resources.
2019-10-30 03:12:21,767 [Worker-58: Building workspace] INFO  o.e.m.c.i.embedder.EclipseLogger - skip non existing resourceDirectory C:\Users\Cedric\Desktop\Perspecta\Perspecta_Server\gs-spring-boot-master.zip_expanded\gs-spring-boot-master\initial\src\main\resources
2019-10-30 03:12:21,768 [Worker-58: Building workspace] INFO  o.e.m.c.i.embedder.EclipseLogger - skip non existing resourceDirectory C:\Users\Cedric\Desktop\Perspecta\Perspecta_Server\gs-spring-boot-master.zip_expanded\gs-spring-boot-master\initial\src\main\resources
2019-10-30 03:12:21,843 [Worker-58: Building workspace] INFO  o.e.m.c.i.embedder.EclipseLogger - Using 'UTF-8' encoding to copy filtered resources.
2019-10-30 03:12:21,844 [Worker-58: Building workspace] INFO  o.e.m.c.i.embedder.EclipseLogger - skip non existing resourceDirectory C:\Users\Cedric\Desktop\Perspecta\Perspecta_Server\gs-spring-boot-master.zip_expanded\gs-spring-boot-master\initial\src\test\resources
2019-10-30 03:14:42,521 [Worker-56: Building workspace] INFO  o.e.m.c.i.embedder.EclipseLogger - Using 'UTF-8' encoding to copy filtered resources.
2019-10-30 03:14:42,521 [Worker-56: Building workspace] INFO  o.e.m.c.i.embedder.EclipseLogger - skip non existing resourceDirectory C:\Users\Cedric\Desktop\Perspecta\Perspecta_Server\gs-spring-boot-master.zip_expanded\gs-spring-boot-master\initial\src\main\resources
2019-10-30 03:14:42,522 [Worker-56: Building workspace] INFO  o.e.m.c.i.embedder.EclipseLogger - skip non existing resourceDirectory C:\Users\Cedric\Desktop\Perspecta\Perspecta_Server\gs-spring-boot-master.zip_expanded\gs-spring-boot-master\initial\src\main\resources
2019-10-30 03:14:42,551 [Worker-56: Building workspace] INFO  o.e.m.c.i.embedder.EclipseLogger - Using 'UTF-8' encoding to copy filtered resources.
2019-10-30 03:14:42,552 [Worker-56: Building workspace] INFO  o.e.m.c.i.embedder.EclipseLogger - skip non existing resourceDirectory C:\Users\Cedric\Desktop\Perspecta\Perspecta_Server\gs-spring-boot-master.zip_expanded\gs-spring-boot-master\initial\src\test\resources
2019-10-30 03:16:12,302 [Worker-54: Building workspace] INFO  o.e.m.c.i.embedder.EclipseLogger - Using 'UTF-8' encoding to copy filtered resources.
2019-10-30 03:16:12,302 [Worker-54: Building workspace] INFO  o.e.m.c.i.embedder.EclipseLogger - skip non existing resourceDirectory C:\Users\Cedric\Desktop\Perspecta\Perspecta_Server\gs-spring-boot-master.zip_expanded\gs-spring-boot-master\initial\src\main\resources
2019-10-30 03:16:12,303 [Worker-54: Building workspace] INFO  o.e.m.c.i.embedder.EclipseLogger - skip non existing resourceDirectory C:\Users\Cedric\Desktop\Perspecta\Perspecta_Server\gs-spring-boot-master.zip_expanded\gs-spring-boot-master\initial\src\main\resources
2019-10-30 03:16:12,307 [Worker-54: Building workspace] INFO  o.e.m.c.i.embedder.EclipseLogger - Using 'UTF-8' encoding to copy filtered resources.
2019-10-30 03:16:12,307 [Worker-54: Building workspace] INFO  o.e.m.c.i.embedder.EclipseLogger - skip non existing resourceDirectory C:\Users\Cedric\Desktop\Perspecta\Perspecta_Server\gs-spring-boot-master.zip_expanded\gs-spring-boot-master\initial\src\test\resources
2019-10-30 03:19:32,176 [Worker-57: Building workspace] INFO  o.e.m.c.i.embedder.EclipseLogger - Using 'UTF-8' encoding to copy filtered resources.
2019-10-30 03:19:32,178 [Worker-57: Building workspace] INFO  o.e.m.c.i.embedder.EclipseLogger - skip non existing resourceDirectory C:\Users\Cedric\Desktop\Perspecta\Perspecta_Server\gs-spring-boot-master.zip_expanded\gs-spring-boot-master\initial\src\main\resources
2019-10-30 03:19:32,179 [Worker-57: Building workspace] INFO  o.e.m.c.i.embedder.EclipseLogger - skip non existing resourceDirectory C:\Users\Cedric\Desktop\Perspecta\Perspecta_Server\gs-spring-boot-master.zip_expanded\gs-spring-boot-master\initial\src\main\resources
2019-10-30 03:19:32,194 [Worker-57: Building workspace] INFO  o.e.m.c.i.embedder.EclipseLogger - Using 'UTF-8' encoding to copy filtered resources.
2019-10-30 03:19:32,195 [Worker-57: Building workspace] INFO  o.e.m.c.i.embedder.EclipseLogger - skip non existing resourceDirectory C:\Users\Cedric\Desktop\Perspecta\Perspecta_Server\gs-spring-boot-master.zip_expanded\gs-spring-boot-master\initial\src\test\resources
2019-10-30 04:52:33,442 [Worker-79: Building workspace] INFO  o.e.m.c.i.embedder.EclipseLogger - Using 'UTF-8' encoding to copy filtered resources.
2019-10-30 04:52:33,774 [Worker-79: Building workspace] INFO  o.e.m.c.i.embedder.EclipseLogger - skip non existing resourceDirectory C:\Users\Cedric\Desktop\Perspecta\Perspecta_Server\gs-spring-boot-master.zip_expanded\gs-spring-boot-master\initial\src\main\resources
2019-10-30 04:52:33,775 [Worker-79: Building workspace] INFO  o.e.m.c.i.embedder.EclipseLogger - skip non existing resourceDirectory C:\Users\Cedric\Desktop\Perspecta\Perspecta_Server\gs-spring-boot-master.zip_expanded\gs-spring-boot-master\initial\src\main\resources
2019-10-30 04:52:33,838 [Worker-79: Building workspace] INFO  o.e.m.c.i.embedder.EclipseLogger - Using 'UTF-8' encoding to copy filtered resources.
2019-10-30 04:52:33,838 [Worker-79: Building workspace] INFO  o.e.m.c.i.embedder.EclipseLogger - skip non existing resourceDirectory C:\Users\Cedric\Desktop\Perspecta\Perspecta_Server\gs-spring-boot-master.zip_expanded\gs-spring-boot-master\initial\src\test\resources
2019-10-30 05:01:06,485 [Worker-81: Building workspace] INFO  o.e.m.c.i.embedder.EclipseLogger - Using 'UTF-8' encoding to copy filtered resources.
2019-10-30 05:01:06,486 [Worker-81: Building workspace] INFO  o.e.m.c.i.embedder.EclipseLogger - skip non existing resourceDirectory C:\Users\Cedric\Desktop\Perspecta\Perspecta_Server\gs-spring-boot-master.zip_expanded\gs-spring-boot-master\initial\src\main\resources
2019-10-30 05:01:06,486 [Worker-81: Building workspace] INFO  o.e.m.c.i.embedder.EclipseLogger - skip non existing resourceDirectory C:\Users\Cedric\Desktop\Perspecta\Perspecta_Server\gs-spring-boot-master.zip_expanded\gs-spring-boot-master\initial\src\main\resources
2019-10-30 05:01:06,513 [Worker-81: Building workspace] INFO  o.e.m.c.i.embedder.EclipseLogger - Using 'UTF-8' encoding to copy filtered resources.
2019-10-30 05:01:06,514 [Worker-81: Building workspace] INFO  o.e.m.c.i.embedder.EclipseLogger - skip non existing resourceDirectory C:\Users\Cedric\Desktop\Perspecta\Perspecta_Server\gs-spring-boot-master.zip_expanded\gs-spring-boot-master\initial\src\test\resources
2019-10-30 05:01:39,730 [Worker-87: Building workspace] INFO  o.e.m.c.i.embedder.EclipseLogger - Using 'UTF-8' encoding to copy filtered resources.
2019-10-30 05:01:39,731 [Worker-87: Building workspace] INFO  o.e.m.c.i.embedder.EclipseLogger - skip non existing resourceDirectory C:\Users\Cedric\Desktop\Perspecta\Perspecta_Server\gs-spring-boot-master.zip_expanded\gs-spring-boot-master\initial\src\main\resources
2019-10-30 05:01:39,731 [Worker-87: Building workspace] INFO  o.e.m.c.i.embedder.EclipseLogger - skip non existing resourceDirectory C:\Users\Cedric\Desktop\Perspecta\Perspecta_Server\gs-spring-boot-master.zip_expanded\gs-spring-boot-master\initial\src\main\resources
2019-10-30 05:01:39,809 [Worker-87: Building workspace] INFO  o.e.m.c.i.embedder.EclipseLogger - Using 'UTF-8' encoding to copy filtered resources.
2019-10-30 05:01:39,810 [Worker-87: Building workspace] INFO  o.e.m.c.i.embedder.EclipseLogger - skip non existing resourceDirectory C:\Users\Cedric\Desktop\Perspecta\Perspecta_Server\gs-spring-boot-master.zip_expanded\gs-spring-boot-master\initial\src\test\resources
2019-10-30 05:08:47,200 [Worker-86: Building workspace] INFO  o.e.m.c.i.embedder.EclipseLogger - Using 'UTF-8' encoding to copy filtered resources.
2019-10-30 05:08:47,201 [Worker-86: Building workspace] INFO  o.e.m.c.i.embedder.EclipseLogger - skip non existing resourceDirectory C:\Users\Cedric\Desktop\Perspecta\Perspecta_Server\gs-spring-boot-master.zip_expanded\gs-spring-boot-master\initial\src\main\resources
2019-10-30 05:08:47,202 [Worker-86: Building workspace] INFO  o.e.m.c.i.embedder.EclipseLogger - skip non existing resourceDirectory C:\Users\Cedric\Desktop\Perspecta\Perspecta_Server\gs-spring-boot-master.zip_expanded\gs-spring-boot-master\initial\src\main\resources
2019-10-30 05:08:47,207 [Worker-86: Building workspace] INFO  o.e.m.c.i.embedder.EclipseLogger - Using 'UTF-8' encoding to copy filtered resources.
2019-10-30 05:08:47,208 [Worker-86: Building workspace] INFO  o.e.m.c.i.embedder.EclipseLogger - skip non existing resourceDirectory C:\Users\Cedric\Desktop\Perspecta\Perspecta_Server\gs-spring-boot-master.zip_expanded\gs-spring-boot-master\initial\src\test\resources
2019-10-30 05:51:10,463 [Worker-103: Building workspace] INFO  o.e.m.c.i.embedder.EclipseLogger - Using 'UTF-8' encoding to copy filtered resources.
2019-10-30 05:51:10,861 [Worker-103: Building workspace] INFO  o.e.m.c.i.embedder.EclipseLogger - skip non existing resourceDirectory C:\Users\Cedric\Desktop\Perspecta\Perspecta_Server\gs-spring-boot-master.zip_expanded\gs-spring-boot-master\initial\src\main\resources
2019-10-30 05:51:10,865 [Worker-103: Building workspace] INFO  o.e.m.c.i.embedder.EclipseLogger - skip non existing resourceDirectory C:\Users\Cedric\Desktop\Perspecta\Perspecta_Server\gs-spring-boot-master.zip_expanded\gs-spring-boot-master\initial\src\main\resources
2019-10-30 05:51:10,881 [Worker-103: Building workspace] INFO  o.e.m.c.i.embedder.EclipseLogger - Using 'UTF-8' encoding to copy filtered resources.
2019-10-30 05:51:10,881 [Worker-103: Building workspace] INFO  o.e.m.c.i.embedder.EclipseLogger - skip non existing resourceDirectory C:\Users\Cedric\Desktop\Perspecta\Perspecta_Server\gs-spring-boot-master.zip_expanded\gs-spring-boot-master\initial\src\test\resources
2019-10-30 06:00:57,263 [Worker-110: Building workspace] INFO  o.e.m.c.i.embedder.EclipseLogger - Using 'UTF-8' encoding to copy filtered resources.
2019-10-30 06:00:57,267 [Worker-110: Building workspace] INFO  o.e.m.c.i.embedder.EclipseLogger - skip non existing resourceDirectory C:\Users\Cedric\Desktop\Perspecta\Perspecta_Server\gs-spring-boot-master.zip_expanded\gs-spring-boot-master\initial\src\main\resources
2019-10-30 06:00:57,267 [Worker-110: Building workspace] INFO  o.e.m.c.i.embedder.EclipseLogger - skip non existing resourceDirectory C:\Users\Cedric\Desktop\Perspecta\Perspecta_Server\gs-spring-boot-master.zip_expanded\gs-spring-boot-master\initial\src\main\resources
2019-10-30 06:00:57,315 [Worker-110: Building workspace] INFO  o.e.m.c.i.embedder.EclipseLogger - Using 'UTF-8' encoding to copy filtered resources.
2019-10-30 06:00:57,315 [Worker-110: Building workspace] INFO  o.e.m.c.i.embedder.EclipseLogger - skip non existing resourceDirectory C:\Users\Cedric\Desktop\Perspecta\Perspecta_Server\gs-spring-boot-master.zip_expanded\gs-spring-boot-master\initial\src\test\resources
2019-10-30 06:01:16,006 [Worker-110: Building workspace] INFO  o.e.m.c.i.embedder.EclipseLogger - Using 'UTF-8' encoding to copy filtered resources.
2019-10-30 06:01:16,006 [Worker-110: Building workspace] INFO  o.e.m.c.i.embedder.EclipseLogger - skip non existing resourceDirectory C:\Users\Cedric\Desktop\Perspecta\Perspecta_Server\gs-spring-boot-master.zip_expanded\gs-spring-boot-master\initial\src\main\resources
2019-10-30 06:01:16,006 [Worker-110: Building workspace] INFO  o.e.m.c.i.embedder.EclipseLogger - skip non existing resourceDirectory C:\Users\Cedric\Desktop\Perspecta\Perspecta_Server\gs-spring-boot-master.zip_expanded\gs-spring-boot-master\initial\src\main\resources
2019-10-30 06:01:16,014 [Worker-110: Building workspace] INFO  o.e.m.c.i.embedder.EclipseLogger - Using 'UTF-8' encoding to copy filtered resources.
2019-10-30 06:01:16,014 [Worker-110: Building workspace] INFO  o.e.m.c.i.embedder.EclipseLogger - skip non existing resourceDirectory C:\Users\Cedric\Desktop\Perspecta\Perspecta_Server\gs-spring-boot-master.zip_expanded\gs-spring-boot-master\initial\src\test\resources
2019-10-30 09:29:40,600 [Worker-5: Loading available Gradle versions] INFO  o.e.b.c.i.u.g.PublishedGradleVersions - Gradle version information cache is up-to-date. Trying to read.
2019-10-30 09:30:36,531 [Worker-2: Building workspace] INFO  o.e.m.c.i.l.LifecycleMappingFactory - Using org.eclipse.m2e.jdt.JarLifecycleMapping lifecycle mapping for MavenProject: org.springframework:gs-spring-boot:0.1.0 @ C:\Users\Cedric\Desktop\Perspecta\Perspecta_Server\gs-spring-boot-master.zip_expanded\gs-spring-boot-master\initial\pom.xml.
2019-10-30 09:31:02,061 [Worker-2: Building workspace] INFO  o.e.m.c.i.embedder.EclipseLogger - Using 'UTF-8' encoding to copy filtered resources.
2019-10-30 09:31:02,062 [Worker-2: Building workspace] INFO  o.e.m.c.i.embedder.EclipseLogger - skip non existing resourceDirectory C:\Users\Cedric\Desktop\Perspecta\Perspecta_Server\gs-spring-boot-master.zip_expanded\gs-spring-boot-master\initial\src\main\resources
2019-10-30 09:31:02,063 [Worker-2: Building workspace] INFO  o.e.m.c.i.embedder.EclipseLogger - skip non existing resourceDirectory C:\Users\Cedric\Desktop\Perspecta\Perspecta_Server\gs-spring-boot-master.zip_expanded\gs-spring-boot-master\initial\src\main\resources
2019-10-30 09:31:02,160 [Worker-2: Building workspace] INFO  o.e.m.c.i.embedder.EclipseLogger - Using 'UTF-8' encoding to copy filtered resources.
2019-10-30 09:31:02,161 [Worker-2: Building workspace] INFO  o.e.m.c.i.embedder.EclipseLogger - skip non existing resourceDirectory C:\Users\Cedric\Desktop\Perspecta\Perspecta_Server\gs-spring-boot-master.zip_expanded\gs-spring-boot-master\initial\src\test\resources
2019-10-30 09:31:11,941 [Worker-11: Updating Maven Dependencies] INFO  o.e.m.c.i.l.LifecycleMappingFactory - Using org.eclipse.m2e.jdt.JarLifecycleMapping lifecycle mapping for MavenProject: org.springframework:gs-spring-boot:0.1.0 @ C:\Users\Cedric\Desktop\Perspecta\Perspecta_Server\gs-spring-boot-master.zip_expanded\gs-spring-boot-master\initial\pom.xml.
2019-10-30 09:31:17,264 [Worker-16: Building workspace] INFO  o.e.m.c.i.embedder.EclipseLogger - Using 'UTF-8' encoding to copy filtered resources.
2019-10-30 09:31:17,268 [Worker-16: Building workspace] INFO  o.e.m.c.i.embedder.EclipseLogger - skip non existing resourceDirectory C:\Users\Cedric\Desktop\Perspecta\Perspecta_Server\gs-spring-boot-master.zip_expanded\gs-spring-boot-master\initial\src\main\resources
2019-10-30 09:31:17,269 [Worker-16: Building workspace] INFO  o.e.m.c.i.embedder.EclipseLogger - skip non existing resourceDirectory C:\Users\Cedric\Desktop\Perspecta\Perspecta_Server\gs-spring-boot-master.zip_expanded\gs-spring-boot-master\initial\src\main\resources
2019-10-30 09:31:17,283 [Worker-16: Building workspace] INFO  o.e.m.c.i.embedder.EclipseLogger - Using 'UTF-8' encoding to copy filtered resources.
2019-10-30 09:31:17,284 [Worker-16: Building workspace] INFO  o.e.m.c.i.embedder.EclipseLogger - skip non existing resourceDirectory C:\Users\Cedric\Desktop\Perspecta\Perspecta_Server\gs-spring-boot-master.zip_expanded\gs-spring-boot-master\initial\src\test\resources
2019-10-30 09:33:16,543 [Worker-0: Building workspace] ERROR o.e.m.c.i.p.r.ProjectRegistryManager - Could not read pom.xml
org.eclipse.core.runtime.CoreException: Could not read pom.xml
	at org.eclipse.m2e.core.internal.embedder.MavenImpl.readModel(MavenImpl.java:561) ~[na:na]
	at org.eclipse.m2e.core.internal.embedder.MavenImpl.readModel(MavenImpl.java:570) ~[na:na]
	at org.eclipse.m2e.core.internal.project.registry.ProjectRegistryManager.refreshPhase2(ProjectRegistryManager.java:563) ~[na:na]
	at org.eclipse.m2e.core.internal.project.registry.ProjectRegistryManager.refresh(ProjectRegistryManager.java:519) ~[na:na]
	at org.eclipse.m2e.core.internal.project.registry.ProjectRegistryManager.refresh(ProjectRegistryManager.java:365) ~[na:na]
	at org.eclipse.m2e.core.internal.project.registry.ProjectRegistryManager.refresh(ProjectRegistryManager.java:312) ~[na:na]
	at org.eclipse.m2e.core.internal.builder.MavenBuilder$BuildMethod.getProjectFacade(MavenBuilder.java:155) ~[na:na]
	at org.eclipse.m2e.core.internal.builder.MavenBuilder$BuildMethod$1.call(MavenBuilder.java:90) ~[na:na]
	at org.eclipse.m2e.core.internal.embedder.MavenExecutionContext.executeBare(MavenExecutionContext.java:177) ~[na:na]
	at org.eclipse.m2e.core.internal.embedder.MavenExecutionContext.execute(MavenExecutionContext.java:151) ~[na:na]
	at org.eclipse.m2e.core.internal.embedder.MavenExecutionContext.execute(MavenExecutionContext.java:99) ~[na:na]
	at org.eclipse.m2e.core.internal.builder.MavenBuilder$BuildMethod.execute(MavenBuilder.java:87) ~[na:na]
	at org.eclipse.m2e.core.internal.builder.MavenBuilder.build(MavenBuilder.java:201) ~[na:na]
	at org.eclipse.core.internal.events.BuildManager$2.run(BuildManager.java:833) ~[na:na]
	at org.eclipse.core.runtime.SafeRunner.run(SafeRunner.java:45) ~[org.eclipse.equinox.common_3.10.400.v20190516-1504.jar:na]
	at org.eclipse.core.internal.events.BuildManager.basicBuild(BuildManager.java:220) ~[na:na]
	at org.eclipse.core.internal.events.BuildManager.basicBuild(BuildManager.java:263) ~[na:na]
	at org.eclipse.core.internal.events.BuildManager$1.run(BuildManager.java:316) ~[na:na]
	at org.eclipse.core.runtime.SafeRunner.run(SafeRunner.java:45) ~[org.eclipse.equinox.common_3.10.400.v20190516-1504.jar:na]
	at org.eclipse.core.internal.events.BuildManager.basicBuild(BuildManager.java:319) ~[na:na]
	at org.eclipse.core.internal.events.BuildManager.basicBuildLoop(BuildManager.java:371) ~[na:na]
	at org.eclipse.core.internal.events.BuildManager.build(BuildManager.java:392) ~[na:na]
	at org.eclipse.core.internal.events.AutoBuildJob.doBuild(AutoBuildJob.java:154) ~[na:na]
	at org.eclipse.core.internal.events.AutoBuildJob.run(AutoBuildJob.java:244) ~[na:na]
	at org.eclipse.core.internal.jobs.Worker.run(Worker.java:63) ~[org.eclipse.core.jobs_3.10.400.v20190506-1457.jar:na]
Caused by: org.apache.maven.model.io.ModelParseException: unexpected character in markup < (position: START_TAG seen ...<packaging>jar<<... @9:21) 
	at org.apache.maven.model.io.DefaultModelReader.read(DefaultModelReader.java:114) ~[na:na]
	at org.apache.maven.model.io.DefaultModelReader.read(DefaultModelReader.java:82) ~[na:na]
	at org.eclipse.m2e.core.internal.embedder.MavenImpl.readModel(MavenImpl.java:559) ~[na:na]
	... 24 common frames omitted
Caused by: org.codehaus.plexus.util.xml.pull.XmlPullParserException: unexpected character in markup < (position: START_TAG seen ...<packaging>jar<<... @9:21) 
	at org.codehaus.plexus.util.xml.pull.MXParser.nextImpl(MXParser.java:1525) ~[na:na]
	at org.codehaus.plexus.util.xml.pull.MXParser.next(MXParser.java:1319) ~[na:na]
	at org.codehaus.plexus.util.xml.pull.MXParser.nextText(MXParser.java:1277) ~[na:na]
	at org.apache.maven.model.io.xpp3.MavenXpp3Reader.parseModel(MavenXpp3Reader.java:2096) ~[na:na]
	at org.apache.maven.model.io.xpp3.MavenXpp3Reader.read(MavenXpp3Reader.java:3872) ~[na:na]
	at org.apache.maven.model.io.xpp3.MavenXpp3Reader.read(MavenXpp3Reader.java:595) ~[na:na]
	at org.apache.maven.model.io.DefaultModelReader.read(DefaultModelReader.java:109) ~[na:na]
	... 26 common frames omitted
2019-10-30 09:33:18,169 [Worker-20: Building workspace] ERROR o.e.m.c.i.p.r.ProjectRegistryManager - Could not read pom.xml
org.eclipse.core.runtime.CoreException: Could not read pom.xml
	at org.eclipse.m2e.core.internal.embedder.MavenImpl.readModel(MavenImpl.java:561) ~[na:na]
	at org.eclipse.m2e.core.internal.embedder.MavenImpl.readModel(MavenImpl.java:570) ~[na:na]
	at org.eclipse.m2e.core.internal.project.registry.ProjectRegistryManager.refreshPhase2(ProjectRegistryManager.java:563) ~[na:na]
	at org.eclipse.m2e.core.internal.project.registry.ProjectRegistryManager.refresh(ProjectRegistryManager.java:519) ~[na:na]
	at org.eclipse.m2e.core.internal.project.registry.ProjectRegistryManager.refresh(ProjectRegistryManager.java:365) ~[na:na]
	at org.eclipse.m2e.core.internal.project.registry.ProjectRegistryManager.refresh(ProjectRegistryManager.java:312) ~[na:na]
	at org.eclipse.m2e.core.internal.builder.MavenBuilder$BuildMethod.getProjectFacade(MavenBuilder.java:155) ~[na:na]
	at org.eclipse.m2e.core.internal.builder.MavenBuilder$BuildMethod$1.call(MavenBuilder.java:90) ~[na:na]
	at org.eclipse.m2e.core.internal.embedder.MavenExecutionContext.executeBare(MavenExecutionContext.java:177) ~[na:na]
	at org.eclipse.m2e.core.internal.embedder.MavenExecutionContext.execute(MavenExecutionContext.java:151) ~[na:na]
	at org.eclipse.m2e.core.internal.embedder.MavenExecutionContext.execute(MavenExecutionContext.java:99) ~[na:na]
	at org.eclipse.m2e.core.internal.builder.MavenBuilder$BuildMethod.execute(MavenBuilder.java:87) ~[na:na]
	at org.eclipse.m2e.core.internal.builder.MavenBuilder.build(MavenBuilder.java:201) ~[na:na]
	at org.eclipse.core.internal.events.BuildManager$2.run(BuildManager.java:833) ~[na:na]
	at org.eclipse.core.runtime.SafeRunner.run(SafeRunner.java:45) ~[org.eclipse.equinox.common_3.10.400.v20190516-1504.jar:na]
	at org.eclipse.core.internal.events.BuildManager.basicBuild(BuildManager.java:220) ~[na:na]
	at org.eclipse.core.internal.events.BuildManager.basicBuild(BuildManager.java:263) ~[na:na]
	at org.eclipse.core.internal.events.BuildManager$1.run(BuildManager.java:316) ~[na:na]
	at org.eclipse.core.runtime.SafeRunner.run(SafeRunner.java:45) ~[org.eclipse.equinox.common_3.10.400.v20190516-1504.jar:na]
	at org.eclipse.core.internal.events.BuildManager.basicBuild(BuildManager.java:319) ~[na:na]
	at org.eclipse.core.internal.events.BuildManager.basicBuildLoop(BuildManager.java:371) ~[na:na]
	at org.eclipse.core.internal.events.BuildManager.build(BuildManager.java:392) ~[na:na]
	at org.eclipse.core.internal.events.AutoBuildJob.doBuild(AutoBuildJob.java:154) ~[na:na]
	at org.eclipse.core.internal.events.AutoBuildJob.run(AutoBuildJob.java:244) ~[na:na]
	at org.eclipse.core.internal.jobs.Worker.run(Worker.java:63) ~[org.eclipse.core.jobs_3.10.400.v20190506-1457.jar:na]
Caused by: org.apache.maven.model.io.ModelParseException: unexpected character in markup < (position: START_TAG seen ...<packaging>jar<<... @9:21) 
	at org.apache.maven.model.io.DefaultModelReader.read(DefaultModelReader.java:114) ~[na:na]
	at org.apache.maven.model.io.DefaultModelReader.read(DefaultModelReader.java:82) ~[na:na]
	at org.eclipse.m2e.core.internal.embedder.MavenImpl.readModel(MavenImpl.java:559) ~[na:na]
	... 24 common frames omitted
Caused by: org.codehaus.plexus.util.xml.pull.XmlPullParserException: unexpected character in markup < (position: START_TAG seen ...<packaging>jar<<... @9:21) 
	at org.codehaus.plexus.util.xml.pull.MXParser.nextImpl(MXParser.java:1525) ~[na:na]
	at org.codehaus.plexus.util.xml.pull.MXParser.next(MXParser.java:1319) ~[na:na]
	at org.codehaus.plexus.util.xml.pull.MXParser.nextText(MXParser.java:1277) ~[na:na]
	at org.apache.maven.model.io.xpp3.MavenXpp3Reader.parseModel(MavenXpp3Reader.java:2096) ~[na:na]
	at org.apache.maven.model.io.xpp3.MavenXpp3Reader.read(MavenXpp3Reader.java:3872) ~[na:na]
	at org.apache.maven.model.io.xpp3.MavenXpp3Reader.read(MavenXpp3Reader.java:595) ~[na:na]
	at org.apache.maven.model.io.DefaultModelReader.read(DefaultModelReader.java:109) ~[na:na]
	... 26 common frames omitted
2019-10-30 09:34:03,311 [Worker-2: Building workspace] ERROR o.e.m.c.i.p.r.ProjectRegistryManager - Could not read pom.xml
org.eclipse.core.runtime.CoreException: Could not read pom.xml
	at org.eclipse.m2e.core.internal.embedder.MavenImpl.readModel(MavenImpl.java:561) ~[na:na]
	at org.eclipse.m2e.core.internal.embedder.MavenImpl.readModel(MavenImpl.java:570) ~[na:na]
	at org.eclipse.m2e.core.internal.project.registry.ProjectRegistryManager.refreshPhase2(ProjectRegistryManager.java:563) ~[na:na]
	at org.eclipse.m2e.core.internal.project.registry.ProjectRegistryManager.refresh(ProjectRegistryManager.java:519) ~[na:na]
	at org.eclipse.m2e.core.internal.project.registry.ProjectRegistryManager.refresh(ProjectRegistryManager.java:365) ~[na:na]
	at org.eclipse.m2e.core.internal.project.registry.ProjectRegistryManager.refresh(ProjectRegistryManager.java:312) ~[na:na]
	at org.eclipse.m2e.core.internal.builder.MavenBuilder$BuildMethod.getProjectFacade(MavenBuilder.java:155) ~[na:na]
	at org.eclipse.m2e.core.internal.builder.MavenBuilder$BuildMethod$1.call(MavenBuilder.java:90) ~[na:na]
	at org.eclipse.m2e.core.internal.embedder.MavenExecutionContext.executeBare(MavenExecutionContext.java:177) ~[na:na]
	at org.eclipse.m2e.core.internal.embedder.MavenExecutionContext.execute(MavenExecutionContext.java:151) ~[na:na]
	at org.eclipse.m2e.core.internal.embedder.MavenExecutionContext.execute(MavenExecutionContext.java:99) ~[na:na]
	at org.eclipse.m2e.core.internal.builder.MavenBuilder$BuildMethod.execute(MavenBuilder.java:87) ~[na:na]
	at org.eclipse.m2e.core.internal.builder.MavenBuilder.build(MavenBuilder.java:201) ~[na:na]
	at org.eclipse.core.internal.events.BuildManager$2.run(BuildManager.java:833) ~[na:na]
	at org.eclipse.core.runtime.SafeRunner.run(SafeRunner.java:45) ~[org.eclipse.equinox.common_3.10.400.v20190516-1504.jar:na]
	at org.eclipse.core.internal.events.BuildManager.basicBuild(BuildManager.java:220) ~[na:na]
	at org.eclipse.core.internal.events.BuildManager.basicBuild(BuildManager.java:263) ~[na:na]
	at org.eclipse.core.internal.events.BuildManager$1.run(BuildManager.java:316) ~[na:na]
	at org.eclipse.core.runtime.SafeRunner.run(SafeRunner.java:45) ~[org.eclipse.equinox.common_3.10.400.v20190516-1504.jar:na]
	at org.eclipse.core.internal.events.BuildManager.basicBuild(BuildManager.java:319) ~[na:na]
	at org.eclipse.core.internal.events.BuildManager.basicBuildLoop(BuildManager.java:371) ~[na:na]
	at org.eclipse.core.internal.events.BuildManager.build(BuildManager.java:392) ~[na:na]
	at org.eclipse.core.internal.events.AutoBuildJob.doBuild(AutoBuildJob.java:154) ~[na:na]
	at org.eclipse.core.internal.events.AutoBuildJob.run(AutoBuildJob.java:244) ~[na:na]
	at org.eclipse.core.internal.jobs.Worker.run(Worker.java:63) ~[org.eclipse.core.jobs_3.10.400.v20190506-1457.jar:na]
Caused by: org.apache.maven.model.io.ModelParseException: unexpected character in markup < (position: START_TAG seen ...<packaging>jar<<... @9:21) 
	at org.apache.maven.model.io.DefaultModelReader.read(DefaultModelReader.java:114) ~[na:na]
	at org.apache.maven.model.io.DefaultModelReader.read(DefaultModelReader.java:82) ~[na:na]
	at org.eclipse.m2e.core.internal.embedder.MavenImpl.readModel(MavenImpl.java:559) ~[na:na]
	... 24 common frames omitted
Caused by: org.codehaus.plexus.util.xml.pull.XmlPullParserException: unexpected character in markup < (position: START_TAG seen ...<packaging>jar<<... @9:21) 
	at org.codehaus.plexus.util.xml.pull.MXParser.nextImpl(MXParser.java:1525) ~[na:na]
	at org.codehaus.plexus.util.xml.pull.MXParser.next(MXParser.java:1319) ~[na:na]
	at org.codehaus.plexus.util.xml.pull.MXParser.nextText(MXParser.java:1277) ~[na:na]
	at org.apache.maven.model.io.xpp3.MavenXpp3Reader.parseModel(MavenXpp3Reader.java:2096) ~[na:na]
	at org.apache.maven.model.io.xpp3.MavenXpp3Reader.read(MavenXpp3Reader.java:3872) ~[na:na]
	at org.apache.maven.model.io.xpp3.MavenXpp3Reader.read(MavenXpp3Reader.java:595) ~[na:na]
	at org.apache.maven.model.io.DefaultModelReader.read(DefaultModelReader.java:109) ~[na:na]
	... 26 common frames omitted
2019-10-30 09:34:16,848 [Worker-0: Building workspace] INFO  o.e.m.c.i.l.LifecycleMappingFactory - Using org.eclipse.m2e.jdt.JarLifecycleMapping lifecycle mapping for MavenProject: org.springframework:gs-spring-boot:0.1.0 @ C:\Users\Cedric\Desktop\Perspecta\Perspecta_Server\gs-spring-boot-master.zip_expanded\gs-spring-boot-master\initial\pom.xml.
2019-10-30 09:34:22,512 [Worker-0: Building workspace] INFO  o.e.m.c.i.embedder.EclipseLogger - Using 'UTF-8' encoding to copy filtered resources.
2019-10-30 09:34:22,514 [Worker-0: Building workspace] INFO  o.e.m.c.i.embedder.EclipseLogger - skip non existing resourceDirectory C:\Users\Cedric\Desktop\Perspecta\Perspecta_Server\gs-spring-boot-master.zip_expanded\gs-spring-boot-master\initial\src\main\resources
2019-10-30 09:34:22,515 [Worker-0: Building workspace] INFO  o.e.m.c.i.embedder.EclipseLogger - skip non existing resourceDirectory C:\Users\Cedric\Desktop\Perspecta\Perspecta_Server\gs-spring-boot-master.zip_expanded\gs-spring-boot-master\initial\src\main\resources
2019-10-30 09:34:22,530 [Worker-0: Building workspace] INFO  o.e.m.c.i.embedder.EclipseLogger - Using 'UTF-8' encoding to copy filtered resources.
2019-10-30 09:34:22,532 [Worker-0: Building workspace] INFO  o.e.m.c.i.embedder.EclipseLogger - skip non existing resourceDirectory C:\Users\Cedric\Desktop\Perspecta\Perspecta_Server\gs-spring-boot-master.zip_expanded\gs-spring-boot-master\initial\src\test\resources
2019-10-30 09:34:28,416 [Worker-22: Building workspace] INFO  o.e.m.c.i.embedder.EclipseLogger - Using 'UTF-8' encoding to copy filtered resources.
2019-10-30 09:34:28,418 [Worker-22: Building workspace] INFO  o.e.m.c.i.embedder.EclipseLogger - skip non existing resourceDirectory C:\Users\Cedric\Desktop\Perspecta\Perspecta_Server\gs-spring-boot-master.zip_expanded\gs-spring-boot-master\initial\src\main\resources
2019-10-30 09:34:28,419 [Worker-22: Building workspace] INFO  o.e.m.c.i.embedder.EclipseLogger - skip non existing resourceDirectory C:\Users\Cedric\Desktop\Perspecta\Perspecta_Server\gs-spring-boot-master.zip_expanded\gs-spring-boot-master\initial\src\main\resources
2019-10-30 09:34:28,428 [Worker-22: Building workspace] INFO  o.e.m.c.i.embedder.EclipseLogger - Using 'UTF-8' encoding to copy filtered resources.
2019-10-30 09:34:28,429 [Worker-22: Building workspace] INFO  o.e.m.c.i.embedder.EclipseLogger - skip non existing resourceDirectory C:\Users\Cedric\Desktop\Perspecta\Perspecta_Server\gs-spring-boot-master.zip_expanded\gs-spring-boot-master\initial\src\test\resources
2019-10-30 09:35:23,400 [Worker-22: Building workspace] INFO  o.e.m.c.i.embedder.EclipseLogger - Using 'UTF-8' encoding to copy filtered resources.
2019-10-30 09:35:23,403 [Worker-22: Building workspace] INFO  o.e.m.c.i.embedder.EclipseLogger - skip non existing resourceDirectory C:\Users\Cedric\Desktop\Perspecta\Perspecta_Server\gs-spring-boot-master.zip_expanded\gs-spring-boot-master\initial\src\main\resources
2019-10-30 09:35:23,405 [Worker-22: Building workspace] INFO  o.e.m.c.i.embedder.EclipseLogger - skip non existing resourceDirectory C:\Users\Cedric\Desktop\Perspecta\Perspecta_Server\gs-spring-boot-master.zip_expanded\gs-spring-boot-master\initial\src\main\resources
2019-10-30 09:35:23,421 [Worker-22: Building workspace] INFO  o.e.m.c.i.embedder.EclipseLogger - Using 'UTF-8' encoding to copy filtered resources.
2019-10-30 09:35:23,422 [Worker-22: Building workspace] INFO  o.e.m.c.i.embedder.EclipseLogger - skip non existing resourceDirectory C:\Users\Cedric\Desktop\Perspecta\Perspecta_Server\gs-spring-boot-master.zip_expanded\gs-spring-boot-master\initial\src\test\resources
2019-10-30 09:39:00,668 [Worker-0: Building workspace] INFO  o.e.m.c.i.embedder.EclipseLogger - Using 'UTF-8' encoding to copy filtered resources.
2019-10-30 09:39:00,668 [Worker-0: Building workspace] INFO  o.e.m.c.i.embedder.EclipseLogger - skip non existing resourceDirectory C:\Users\Cedric\Desktop\Perspecta\Perspecta_Server\gs-spring-boot-master.zip_expanded\gs-spring-boot-master\initial\src\main\resources
2019-10-30 09:39:00,668 [Worker-0: Building workspace] INFO  o.e.m.c.i.embedder.EclipseLogger - skip non existing resourceDirectory C:\Users\Cedric\Desktop\Perspecta\Perspecta_Server\gs-spring-boot-master.zip_expanded\gs-spring-boot-master\initial\src\main\resources
2019-10-30 09:39:00,676 [Worker-0: Building workspace] INFO  o.e.m.c.i.embedder.EclipseLogger - Using 'UTF-8' encoding to copy filtered resources.
2019-10-30 09:39:00,680 [Worker-0: Building workspace] INFO  o.e.m.c.i.embedder.EclipseLogger - skip non existing resourceDirectory C:\Users\Cedric\Desktop\Perspecta\Perspecta_Server\gs-spring-boot-master.zip_expanded\gs-spring-boot-master\initial\src\test\resources
2019-10-30 09:39:30,808 [Worker-23: Building workspace] INFO  o.e.m.c.i.l.LifecycleMappingFactory - Using org.eclipse.m2e.jdt.JarLifecycleMapping lifecycle mapping for MavenProject: org.springframework:gs-spring-boot:0.1.0 @ C:\Users\Cedric\Desktop\Perspecta\Perspecta_Server\gs-spring-boot-master.zip_expanded\gs-spring-boot-master\initial\pom.xml.
2019-10-30 09:39:34,451 [Worker-23: Building workspace] INFO  o.e.m.c.i.embedder.EclipseLogger - Using 'UTF-8' encoding to copy filtered resources.
2019-10-30 09:39:34,451 [Worker-23: Building workspace] INFO  o.e.m.c.i.embedder.EclipseLogger - skip non existing resourceDirectory C:\Users\Cedric\Desktop\Perspecta\Perspecta_Server\gs-spring-boot-master.zip_expanded\gs-spring-boot-master\initial\src\main\resources
2019-10-30 09:39:34,451 [Worker-23: Building workspace] INFO  o.e.m.c.i.embedder.EclipseLogger - skip non existing resourceDirectory C:\Users\Cedric\Desktop\Perspecta\Perspecta_Server\gs-spring-boot-master.zip_expanded\gs-spring-boot-master\initial\src\main\resources
2019-10-30 09:39:34,463 [Worker-23: Building workspace] INFO  o.e.m.c.i.embedder.EclipseLogger - Using 'UTF-8' encoding to copy filtered resources.
2019-10-30 09:39:34,463 [Worker-23: Building workspace] INFO  o.e.m.c.i.embedder.EclipseLogger - skip non existing resourceDirectory C:\Users\Cedric\Desktop\Perspecta\Perspecta_Server\gs-spring-boot-master.zip_expanded\gs-spring-boot-master\initial\src\test\resources
2019-10-30 09:53:10,636 [Worker-24: Building workspace] INFO  o.e.m.c.i.l.LifecycleMappingFactory - Using org.eclipse.m2e.jdt.JarLifecycleMapping lifecycle mapping for MavenProject: org.springframework:gs-spring-boot:0.1.0 @ C:\Users\Cedric\Desktop\Perspecta\Perspecta_Server\gs-spring-boot-master.zip_expanded\gs-spring-boot-master\initial\pom.xml.
2019-10-30 09:53:15,015 [Worker-24: Building workspace] INFO  o.e.m.c.i.embedder.EclipseLogger - Using 'UTF-8' encoding to copy filtered resources.
2019-10-30 09:53:15,015 [Worker-24: Building workspace] INFO  o.e.m.c.i.embedder.EclipseLogger - skip non existing resourceDirectory C:\Users\Cedric\Desktop\Perspecta\Perspecta_Server\gs-spring-boot-master.zip_expanded\gs-spring-boot-master\initial\src\main\resources
2019-10-30 09:53:15,019 [Worker-24: Building workspace] INFO  o.e.m.c.i.embedder.EclipseLogger - skip non existing resourceDirectory C:\Users\Cedric\Desktop\Perspecta\Perspecta_Server\gs-spring-boot-master.zip_expanded\gs-spring-boot-master\initial\src\main\resources
2019-10-30 09:53:15,027 [Worker-24: Building workspace] INFO  o.e.m.c.i.embedder.EclipseLogger - Using 'UTF-8' encoding to copy filtered resources.
2019-10-30 09:53:15,031 [Worker-24: Building workspace] INFO  o.e.m.c.i.embedder.EclipseLogger - skip non existing resourceDirectory C:\Users\Cedric\Desktop\Perspecta\Perspecta_Server\gs-spring-boot-master.zip_expanded\gs-spring-boot-master\initial\src\test\resources
2019-10-30 10:04:09,214 [Worker-32: Building workspace] INFO  o.e.m.c.i.embedder.EclipseLogger - Using 'UTF-8' encoding to copy filtered resources.
2019-10-30 10:04:09,218 [Worker-32: Building workspace] INFO  o.e.m.c.i.embedder.EclipseLogger - skip non existing resourceDirectory C:\Users\Cedric\Desktop\Perspecta\Perspecta_Server\gs-spring-boot-master.zip_expanded\gs-spring-boot-master\initial\src\main\resources
2019-10-30 10:04:09,219 [Worker-32: Building workspace] INFO  o.e.m.c.i.embedder.EclipseLogger - skip non existing resourceDirectory C:\Users\Cedric\Desktop\Perspecta\Perspecta_Server\gs-spring-boot-master.zip_expanded\gs-spring-boot-master\initial\src\main\resources
2019-10-30 10:04:09,230 [Worker-32: Building workspace] INFO  o.e.m.c.i.embedder.EclipseLogger - Using 'UTF-8' encoding to copy filtered resources.
2019-10-30 10:04:09,231 [Worker-32: Building workspace] INFO  o.e.m.c.i.embedder.EclipseLogger - skip non existing resourceDirectory C:\Users\Cedric\Desktop\Perspecta\Perspecta_Server\gs-spring-boot-master.zip_expanded\gs-spring-boot-master\initial\src\test\resources
2019-10-30 10:05:50,517 [Worker-30: Building workspace] INFO  o.e.m.c.i.embedder.EclipseLogger - Using 'UTF-8' encoding to copy filtered resources.
2019-10-30 10:05:50,517 [Worker-30: Building workspace] INFO  o.e.m.c.i.embedder.EclipseLogger - skip non existing resourceDirectory C:\Users\Cedric\Desktop\Perspecta\Perspecta_Server\gs-spring-boot-master.zip_expanded\gs-spring-boot-master\initial\src\main\resources
2019-10-30 10:05:50,518 [Worker-30: Building workspace] INFO  o.e.m.c.i.embedder.EclipseLogger - skip non existing resourceDirectory C:\Users\Cedric\Desktop\Perspecta\Perspecta_Server\gs-spring-boot-master.zip_expanded\gs-spring-boot-master\initial\src\main\resources
2019-10-30 10:05:50,524 [Worker-30: Building workspace] INFO  o.e.m.c.i.embedder.EclipseLogger - Using 'UTF-8' encoding to copy filtered resources.
2019-10-30 10:05:50,525 [Worker-30: Building workspace] INFO  o.e.m.c.i.embedder.EclipseLogger - skip non existing resourceDirectory C:\Users\Cedric\Desktop\Perspecta\Perspecta_Server\gs-spring-boot-master.zip_expanded\gs-spring-boot-master\initial\src\test\resources
2019-10-30 10:08:23,751 [Worker-30: Building workspace] INFO  o.e.m.c.i.embedder.EclipseLogger - Using 'UTF-8' encoding to copy filtered resources.
2019-10-30 10:08:23,752 [Worker-30: Building workspace] INFO  o.e.m.c.i.embedder.EclipseLogger - skip non existing resourceDirectory C:\Users\Cedric\Desktop\Perspecta\Perspecta_Server\gs-spring-boot-master.zip_expanded\gs-spring-boot-master\initial\src\main\resources
2019-10-30 10:08:23,752 [Worker-30: Building workspace] INFO  o.e.m.c.i.embedder.EclipseLogger - skip non existing resourceDirectory C:\Users\Cedric\Desktop\Perspecta\Perspecta_Server\gs-spring-boot-master.zip_expanded\gs-spring-boot-master\initial\src\main\resources
2019-10-30 10:08:23,757 [Worker-30: Building workspace] INFO  o.e.m.c.i.embedder.EclipseLogger - Using 'UTF-8' encoding to copy filtered resources.
2019-10-30 10:08:23,758 [Worker-30: Building workspace] INFO  o.e.m.c.i.embedder.EclipseLogger - skip non existing resourceDirectory C:\Users\Cedric\Desktop\Perspecta\Perspecta_Server\gs-spring-boot-master.zip_expanded\gs-spring-boot-master\initial\src\test\resources
2019-10-30 10:08:40,897 [Worker-31: Building workspace] INFO  o.e.m.c.i.embedder.EclipseLogger - Using 'UTF-8' encoding to copy filtered resources.
2019-10-30 10:08:40,898 [Worker-31: Building workspace] INFO  o.e.m.c.i.embedder.EclipseLogger - skip non existing resourceDirectory C:\Users\Cedric\Desktop\Perspecta\Perspecta_Server\gs-spring-boot-master.zip_expanded\gs-spring-boot-master\initial\src\main\resources
2019-10-30 10:08:40,898 [Worker-31: Building workspace] INFO  o.e.m.c.i.embedder.EclipseLogger - skip non existing resourceDirectory C:\Users\Cedric\Desktop\Perspecta\Perspecta_Server\gs-spring-boot-master.zip_expanded\gs-spring-boot-master\initial\src\main\resources
2019-10-30 10:08:40,903 [Worker-31: Building workspace] INFO  o.e.m.c.i.embedder.EclipseLogger - Using 'UTF-8' encoding to copy filtered resources.
2019-10-30 10:08:40,903 [Worker-31: Building workspace] INFO  o.e.m.c.i.embedder.EclipseLogger - skip non existing resourceDirectory C:\Users\Cedric\Desktop\Perspecta\Perspecta_Server\gs-spring-boot-master.zip_expanded\gs-spring-boot-master\initial\src\test\resources
2019-10-30 10:14:13,362 [Worker-35: Building workspace] INFO  o.e.m.c.i.embedder.EclipseLogger - Using 'UTF-8' encoding to copy filtered resources.
2019-10-30 10:14:13,363 [Worker-35: Building workspace] INFO  o.e.m.c.i.embedder.EclipseLogger - skip non existing resourceDirectory C:\Users\Cedric\Desktop\Perspecta\Perspecta_Server\gs-spring-boot-master.zip_expanded\gs-spring-boot-master\initial\src\main\resources
2019-10-30 10:14:13,363 [Worker-35: Building workspace] INFO  o.e.m.c.i.embedder.EclipseLogger - skip non existing resourceDirectory C:\Users\Cedric\Desktop\Perspecta\Perspecta_Server\gs-spring-boot-master.zip_expanded\gs-spring-boot-master\initial\src\main\resources
2019-10-30 10:14:13,368 [Worker-35: Building workspace] INFO  o.e.m.c.i.embedder.EclipseLogger - Using 'UTF-8' encoding to copy filtered resources.
2019-10-30 10:14:13,369 [Worker-35: Building workspace] INFO  o.e.m.c.i.embedder.EclipseLogger - skip non existing resourceDirectory C:\Users\Cedric\Desktop\Perspecta\Perspecta_Server\gs-spring-boot-master.zip_expanded\gs-spring-boot-master\initial\src\test\resources
2019-10-30 10:23:59,157 [Worker-44: Building workspace] INFO  o.e.m.c.i.embedder.EclipseLogger - Using 'UTF-8' encoding to copy filtered resources.
2019-10-30 10:23:59,161 [Worker-44: Building workspace] INFO  o.e.m.c.i.embedder.EclipseLogger - skip non existing resourceDirectory C:\Users\Cedric\Desktop\Perspecta\Perspecta_Server\gs-spring-boot-master.zip_expanded\gs-spring-boot-master\initial\src\main\resources
2019-10-30 10:23:59,161 [Worker-44: Building workspace] INFO  o.e.m.c.i.embedder.EclipseLogger - skip non existing resourceDirectory C:\Users\Cedric\Desktop\Perspecta\Perspecta_Server\gs-spring-boot-master.zip_expanded\gs-spring-boot-master\initial\src\main\resources
2019-10-30 10:23:59,165 [Worker-44: Building workspace] INFO  o.e.m.c.i.embedder.EclipseLogger - Using 'UTF-8' encoding to copy filtered resources.
2019-10-30 10:23:59,189 [Worker-44: Building workspace] INFO  o.e.m.c.i.embedder.EclipseLogger - skip non existing resourceDirectory C:\Users\Cedric\Desktop\Perspecta\Perspecta_Server\gs-spring-boot-master.zip_expanded\gs-spring-boot-master\initial\src\test\resources
2019-10-30 10:25:08,756 [Worker-44: Building workspace] INFO  o.e.m.c.i.embedder.EclipseLogger - Using 'UTF-8' encoding to copy filtered resources.
2019-10-30 10:25:08,756 [Worker-44: Building workspace] INFO  o.e.m.c.i.embedder.EclipseLogger - skip non existing resourceDirectory C:\Users\Cedric\Desktop\Perspecta\Perspecta_Server\gs-spring-boot-master.zip_expanded\gs-spring-boot-master\initial\src\main\resources
2019-10-30 10:25:08,760 [Worker-44: Building workspace] INFO  o.e.m.c.i.embedder.EclipseLogger - skip non existing resourceDirectory C:\Users\Cedric\Desktop\Perspecta\Perspecta_Server\gs-spring-boot-master.zip_expanded\gs-spring-boot-master\initial\src\main\resources
2019-10-30 10:25:08,772 [Worker-44: Building workspace] INFO  o.e.m.c.i.embedder.EclipseLogger - Using 'UTF-8' encoding to copy filtered resources.
2019-10-30 10:25:08,772 [Worker-44: Building workspace] INFO  o.e.m.c.i.embedder.EclipseLogger - skip non existing resourceDirectory C:\Users\Cedric\Desktop\Perspecta\Perspecta_Server\gs-spring-boot-master.zip_expanded\gs-spring-boot-master\initial\src\test\resources
2019-10-30 10:25:46,701 [Worker-44: Building workspace] INFO  o.e.m.c.i.embedder.EclipseLogger - Using 'UTF-8' encoding to copy filtered resources.
2019-10-30 10:25:46,713 [Worker-44: Building workspace] INFO  o.e.m.c.i.embedder.EclipseLogger - skip non existing resourceDirectory C:\Users\Cedric\Desktop\Perspecta\Perspecta_Server\gs-spring-boot-master.zip_expanded\gs-spring-boot-master\initial\src\main\resources
2019-10-30 10:25:46,713 [Worker-44: Building workspace] INFO  o.e.m.c.i.embedder.EclipseLogger - skip non existing resourceDirectory C:\Users\Cedric\Desktop\Perspecta\Perspecta_Server\gs-spring-boot-master.zip_expanded\gs-spring-boot-master\initial\src\main\resources
2019-10-30 10:25:46,729 [Worker-44: Building workspace] INFO  o.e.m.c.i.embedder.EclipseLogger - Using 'UTF-8' encoding to copy filtered resources.
2019-10-30 10:25:46,737 [Worker-44: Building workspace] INFO  o.e.m.c.i.embedder.EclipseLogger - skip non existing resourceDirectory C:\Users\Cedric\Desktop\Perspecta\Perspecta_Server\gs-spring-boot-master.zip_expanded\gs-spring-boot-master\initial\src\test\resources
2019-10-30 10:26:17,629 [Worker-44: Building workspace] INFO  o.e.m.c.i.embedder.EclipseLogger - Using 'UTF-8' encoding to copy filtered resources.
2019-10-30 10:26:17,633 [Worker-44: Building workspace] INFO  o.e.m.c.i.embedder.EclipseLogger - skip non existing resourceDirectory C:\Users\Cedric\Desktop\Perspecta\Perspecta_Server\gs-spring-boot-master.zip_expanded\gs-spring-boot-master\initial\src\main\resources
2019-10-30 10:26:17,633 [Worker-44: Building workspace] INFO  o.e.m.c.i.embedder.EclipseLogger - skip non existing resourceDirectory C:\Users\Cedric\Desktop\Perspecta\Perspecta_Server\gs-spring-boot-master.zip_expanded\gs-spring-boot-master\initial\src\main\resources
2019-10-30 10:26:17,645 [Worker-44: Building workspace] INFO  o.e.m.c.i.embedder.EclipseLogger - Using 'UTF-8' encoding to copy filtered resources.
2019-10-30 10:26:17,649 [Worker-44: Building workspace] INFO  o.e.m.c.i.embedder.EclipseLogger - skip non existing resourceDirectory C:\Users\Cedric\Desktop\Perspecta\Perspecta_Server\gs-spring-boot-master.zip_expanded\gs-spring-boot-master\initial\src\test\resources
2019-10-30 10:26:27,870 [Worker-41: Building workspace] INFO  o.e.m.c.i.embedder.EclipseLogger - Using 'UTF-8' encoding to copy filtered resources.
2019-10-30 10:26:27,874 [Worker-41: Building workspace] INFO  o.e.m.c.i.embedder.EclipseLogger - skip non existing resourceDirectory C:\Users\Cedric\Desktop\Perspecta\Perspecta_Server\gs-spring-boot-master.zip_expanded\gs-spring-boot-master\initial\src\main\resources
2019-10-30 10:26:27,878 [Worker-41: Building workspace] INFO  o.e.m.c.i.embedder.EclipseLogger - skip non existing resourceDirectory C:\Users\Cedric\Desktop\Perspecta\Perspecta_Server\gs-spring-boot-master.zip_expanded\gs-spring-boot-master\initial\src\main\resources
2019-10-30 10:26:27,910 [Worker-41: Building workspace] INFO  o.e.m.c.i.embedder.EclipseLogger - Using 'UTF-8' encoding to copy filtered resources.
2019-10-30 10:26:27,914 [Worker-41: Building workspace] INFO  o.e.m.c.i.embedder.EclipseLogger - skip non existing resourceDirectory C:\Users\Cedric\Desktop\Perspecta\Perspecta_Server\gs-spring-boot-master.zip_expanded\gs-spring-boot-master\initial\src\test\resources
2019-10-30 10:26:57,981 [Worker-44: Building workspace] INFO  o.e.m.c.i.embedder.EclipseLogger - Using 'UTF-8' encoding to copy filtered resources.
2019-10-30 10:26:57,981 [Worker-44: Building workspace] INFO  o.e.m.c.i.embedder.EclipseLogger - skip non existing resourceDirectory C:\Users\Cedric\Desktop\Perspecta\Perspecta_Server\gs-spring-boot-master.zip_expanded\gs-spring-boot-master\initial\src\main\resources
2019-10-30 10:26:57,981 [Worker-44: Building workspace] INFO  o.e.m.c.i.embedder.EclipseLogger - skip non existing resourceDirectory C:\Users\Cedric\Desktop\Perspecta\Perspecta_Server\gs-spring-boot-master.zip_expanded\gs-spring-boot-master\initial\src\main\resources
2019-10-30 10:26:57,993 [Worker-44: Building workspace] INFO  o.e.m.c.i.embedder.EclipseLogger - Using 'UTF-8' encoding to copy filtered resources.
2019-10-30 10:26:57,993 [Worker-44: Building workspace] INFO  o.e.m.c.i.embedder.EclipseLogger - skip non existing resourceDirectory C:\Users\Cedric\Desktop\Perspecta\Perspecta_Server\gs-spring-boot-master.zip_expanded\gs-spring-boot-master\initial\src\test\resources
2019-10-30 10:28:13,829 [Worker-31: Building workspace] INFO  o.e.m.c.i.embedder.EclipseLogger - Using 'UTF-8' encoding to copy filtered resources.
2019-10-30 10:28:13,829 [Worker-31: Building workspace] INFO  o.e.m.c.i.embedder.EclipseLogger - skip non existing resourceDirectory C:\Users\Cedric\Desktop\Perspecta\Perspecta_Server\gs-spring-boot-master.zip_expanded\gs-spring-boot-master\initial\src\main\resources
2019-10-30 10:28:13,829 [Worker-31: Building workspace] INFO  o.e.m.c.i.embedder.EclipseLogger - skip non existing resourceDirectory C:\Users\Cedric\Desktop\Perspecta\Perspecta_Server\gs-spring-boot-master.zip_expanded\gs-spring-boot-master\initial\src\main\resources
2019-10-30 10:28:13,853 [Worker-31: Building workspace] INFO  o.e.m.c.i.embedder.EclipseLogger - Using 'UTF-8' encoding to copy filtered resources.
2019-10-30 10:28:13,854 [Worker-31: Building workspace] INFO  o.e.m.c.i.embedder.EclipseLogger - skip non existing resourceDirectory C:\Users\Cedric\Desktop\Perspecta\Perspecta_Server\gs-spring-boot-master.zip_expanded\gs-spring-boot-master\initial\src\test\resources
2019-10-30 10:31:49,694 [Worker-47: Building workspace] INFO  o.e.m.c.i.embedder.EclipseLogger - Using 'UTF-8' encoding to copy filtered resources.
2019-10-30 10:31:49,694 [Worker-47: Building workspace] INFO  o.e.m.c.i.embedder.EclipseLogger - skip non existing resourceDirectory C:\Users\Cedric\Desktop\Perspecta\Perspecta_Server\gs-spring-boot-master.zip_expanded\gs-spring-boot-master\initial\src\main\resources
2019-10-30 10:31:49,694 [Worker-47: Building workspace] INFO  o.e.m.c.i.embedder.EclipseLogger - skip non existing resourceDirectory C:\Users\Cedric\Desktop\Perspecta\Perspecta_Server\gs-spring-boot-master.zip_expanded\gs-spring-boot-master\initial\src\main\resources
2019-10-30 10:31:49,702 [Worker-47: Building workspace] INFO  o.e.m.c.i.embedder.EclipseLogger - Using 'UTF-8' encoding to copy filtered resources.
2019-10-30 10:31:49,702 [Worker-47: Building workspace] INFO  o.e.m.c.i.embedder.EclipseLogger - skip non existing resourceDirectory C:\Users\Cedric\Desktop\Perspecta\Perspecta_Server\gs-spring-boot-master.zip_expanded\gs-spring-boot-master\initial\src\test\resources
2019-10-30 10:39:34,917 [Worker-48: Building workspace] INFO  o.e.m.c.i.embedder.EclipseLogger - Using 'UTF-8' encoding to copy filtered resources.
2019-10-30 10:39:34,917 [Worker-48: Building workspace] INFO  o.e.m.c.i.embedder.EclipseLogger - skip non existing resourceDirectory C:\Users\Cedric\Desktop\Perspecta\Perspecta_Server\gs-spring-boot-master.zip_expanded\gs-spring-boot-master\initial\src\main\resources
2019-10-30 10:39:34,921 [Worker-48: Building workspace] INFO  o.e.m.c.i.embedder.EclipseLogger - skip non existing resourceDirectory C:\Users\Cedric\Desktop\Perspecta\Perspecta_Server\gs-spring-boot-master.zip_expanded\gs-spring-boot-master\initial\src\main\resources
2019-10-30 10:39:34,929 [Worker-48: Building workspace] INFO  o.e.m.c.i.embedder.EclipseLogger - Using 'UTF-8' encoding to copy filtered resources.
2019-10-30 10:39:34,929 [Worker-48: Building workspace] INFO  o.e.m.c.i.embedder.EclipseLogger - skip non existing resourceDirectory C:\Users\Cedric\Desktop\Perspecta\Perspecta_Server\gs-spring-boot-master.zip_expanded\gs-spring-boot-master\initial\src\test\resources
2019-10-30 10:39:48,875 [Worker-52: Building workspace] INFO  o.e.m.c.i.embedder.EclipseLogger - Using 'UTF-8' encoding to copy filtered resources.
2019-10-30 10:39:48,875 [Worker-52: Building workspace] INFO  o.e.m.c.i.embedder.EclipseLogger - skip non existing resourceDirectory C:\Users\Cedric\Desktop\Perspecta\Perspecta_Server\gs-spring-boot-master.zip_expanded\gs-spring-boot-master\initial\src\main\resources
2019-10-30 10:39:48,879 [Worker-52: Building workspace] INFO  o.e.m.c.i.embedder.EclipseLogger - skip non existing resourceDirectory C:\Users\Cedric\Desktop\Perspecta\Perspecta_Server\gs-spring-boot-master.zip_expanded\gs-spring-boot-master\initial\src\main\resources
2019-10-30 10:39:48,891 [Worker-52: Building workspace] INFO  o.e.m.c.i.embedder.EclipseLogger - Using 'UTF-8' encoding to copy filtered resources.
2019-10-30 10:39:48,895 [Worker-52: Building workspace] INFO  o.e.m.c.i.embedder.EclipseLogger - skip non existing resourceDirectory C:\Users\Cedric\Desktop\Perspecta\Perspecta_Server\gs-spring-boot-master.zip_expanded\gs-spring-boot-master\initial\src\test\resources
2019-10-30 10:40:07,820 [Worker-48: Building workspace] INFO  o.e.m.c.i.embedder.EclipseLogger - Using 'UTF-8' encoding to copy filtered resources.
2019-10-30 10:40:07,824 [Worker-48: Building workspace] INFO  o.e.m.c.i.embedder.EclipseLogger - skip non existing resourceDirectory C:\Users\Cedric\Desktop\Perspecta\Perspecta_Server\gs-spring-boot-master.zip_expanded\gs-spring-boot-master\initial\src\main\resources
2019-10-30 10:40:07,824 [Worker-48: Building workspace] INFO  o.e.m.c.i.embedder.EclipseLogger - skip non existing resourceDirectory C:\Users\Cedric\Desktop\Perspecta\Perspecta_Server\gs-spring-boot-master.zip_expanded\gs-spring-boot-master\initial\src\main\resources
2019-10-30 10:40:07,832 [Worker-48: Building workspace] INFO  o.e.m.c.i.embedder.EclipseLogger - Using 'UTF-8' encoding to copy filtered resources.
2019-10-30 10:40:07,832 [Worker-48: Building workspace] INFO  o.e.m.c.i.embedder.EclipseLogger - skip non existing resourceDirectory C:\Users\Cedric\Desktop\Perspecta\Perspecta_Server\gs-spring-boot-master.zip_expanded\gs-spring-boot-master\initial\src\test\resources
2019-10-30 10:56:10,833 [Worker-54: Building workspace] INFO  o.e.m.c.i.embedder.EclipseLogger - Using 'UTF-8' encoding to copy filtered resources.
2019-10-30 10:56:10,837 [Worker-54: Building workspace] INFO  o.e.m.c.i.embedder.EclipseLogger - skip non existing resourceDirectory C:\Users\Cedric\Desktop\Perspecta\Perspecta_Server\gs-spring-boot-master.zip_expanded\gs-spring-boot-master\initial\src\main\resources
2019-10-30 10:56:10,837 [Worker-54: Building workspace] INFO  o.e.m.c.i.embedder.EclipseLogger - skip non existing resourceDirectory C:\Users\Cedric\Desktop\Perspecta\Perspecta_Server\gs-spring-boot-master.zip_expanded\gs-spring-boot-master\initial\src\main\resources
2019-10-30 10:56:11,002 [Worker-54: Building workspace] INFO  o.e.m.c.i.embedder.EclipseLogger - Using 'UTF-8' encoding to copy filtered resources.
2019-10-30 10:56:11,002 [Worker-54: Building workspace] INFO  o.e.m.c.i.embedder.EclipseLogger - skip non existing resourceDirectory C:\Users\Cedric\Desktop\Perspecta\Perspecta_Server\gs-spring-boot-master.zip_expanded\gs-spring-boot-master\initial\src\test\resources
2019-10-30 10:56:15,720 [Worker-58: Building workspace] INFO  o.e.m.c.i.embedder.EclipseLogger - Using 'UTF-8' encoding to copy filtered resources.
2019-10-30 10:56:15,720 [Worker-58: Building workspace] INFO  o.e.m.c.i.embedder.EclipseLogger - skip non existing resourceDirectory C:\Users\Cedric\Desktop\Perspecta\Perspecta_Server\gs-spring-boot-master.zip_expanded\gs-spring-boot-master\initial\src\main\resources
2019-10-30 10:56:15,764 [Worker-58: Building workspace] INFO  o.e.m.c.i.embedder.EclipseLogger - skip non existing resourceDirectory C:\Users\Cedric\Desktop\Perspecta\Perspecta_Server\gs-spring-boot-master.zip_expanded\gs-spring-boot-master\initial\src\main\resources
2019-10-30 10:56:15,780 [Worker-58: Building workspace] INFO  o.e.m.c.i.embedder.EclipseLogger - Using 'UTF-8' encoding to copy filtered resources.
2019-10-30 10:56:15,780 [Worker-58: Building workspace] INFO  o.e.m.c.i.embedder.EclipseLogger - skip non existing resourceDirectory C:\Users\Cedric\Desktop\Perspecta\Perspecta_Server\gs-spring-boot-master.zip_expanded\gs-spring-boot-master\initial\src\test\resources
2019-10-30 10:56:34,840 [Worker-56: Building workspace] INFO  o.e.m.c.i.embedder.EclipseLogger - Using 'UTF-8' encoding to copy filtered resources.
2019-10-30 10:56:34,840 [Worker-56: Building workspace] INFO  o.e.m.c.i.embedder.EclipseLogger - skip non existing resourceDirectory C:\Users\Cedric\Desktop\Perspecta\Perspecta_Server\gs-spring-boot-master.zip_expanded\gs-spring-boot-master\initial\src\main\resources
2019-10-30 10:56:34,840 [Worker-56: Building workspace] INFO  o.e.m.c.i.embedder.EclipseLogger - skip non existing resourceDirectory C:\Users\Cedric\Desktop\Perspecta\Perspecta_Server\gs-spring-boot-master.zip_expanded\gs-spring-boot-master\initial\src\main\resources
2019-10-30 10:56:34,848 [Worker-56: Building workspace] INFO  o.e.m.c.i.embedder.EclipseLogger - Using 'UTF-8' encoding to copy filtered resources.
2019-10-30 10:56:34,852 [Worker-56: Building workspace] INFO  o.e.m.c.i.embedder.EclipseLogger - skip non existing resourceDirectory C:\Users\Cedric\Desktop\Perspecta\Perspecta_Server\gs-spring-boot-master.zip_expanded\gs-spring-boot-master\initial\src\test\resources
